1641091739612	geckodriver	INFO	Listening on 127.0.0.1:60529
1641091739617	mozrunner::runner	INFO	Running command: "/usr/bin/firefox" "--marionette" "--remote-debugging-port" "49885" "-no-remote" "-profile" "/tmp/rust_mozprofileEPxE85"
ATTENTION: default value of option mesa_glthread overridden by environment.
ATTENTION: default value of option mesa_glthread overridden by environment.
1641091740278	Marionette	INFO	Marionette enabled
ATTENTION: default value of option mesa_glthread overridden by environment.
console.warn: SearchSettings: "get: No settings file exists, new profile?" (new NotFoundError("Could not open the file at /tmp/rust_mozprofileEPxE85/search.json.mozlz4", (void 0)))
DevTools listening on ws://localhost:49885/devtools/browser/e959f2d6-8648-40db-951f-b68e813ae040
1641091741583	Marionette	INFO	Listening on port 43081
1641091741649	RemoteAgent	WARN	TLS certificate errors will be ignored for this session
1641091753471	Marionette	INFO	Stopped listening on port 43081
console.warn: TopSitesFeed: Failed to fetch data from Contile server: NetworkError when attempting to fetch resource.

###!!! [Parent][RunMessage] Error: Channel closing: too late to send/recv, messages will be lost

1641092788886	geckodriver	INFO	Listening on 127.0.0.1:55165
1641092791151	mozrunner::runner	INFO	Running command: "/usr/bin/firefox" "--marionette" "--remote-debugging-port" "41343" "-no-remote" "-profile" "/tmp/rust_mozprofile5d78TA"
ATTENTION: default value of option mesa_glthread overridden by environment.
ATTENTION: default value of option mesa_glthread overridden by environment.
1641092791718	Marionette	INFO	Marionette enabled
ATTENTION: default value of option mesa_glthread overridden by environment.
console.log: WebExtensions: reset-default-search: starting.
console.log: WebExtensions: reset-default-search: has already ran once and saw panel, exit.
DevTools listening on ws://localhost:41343/devtools/browser/49b2e68e-8cd2-491b-bb7e-708cf0f3e522
1641092793153	Marionette	INFO	Listening on port 46821
1641092793175	RemoteAgent	WARN	TLS certificate errors will be ignored for this session
JavaScript error: resource://gre/modules/ExtensionCommon.jsm, line 479: TypeError: this.cloneScope is null
console.log: WebExtensions: reset-default-search: starting.
console.log: WebExtensions: reset-default-search: has already ran once and saw panel, exit.
JavaScript error: moz-extension://a89207d4-3afc-4dab-874b-c81124a022ee/inject/fallback.js, line 4: SecurityError: Permission denied to access property "document" on cross-origin object
JavaScript error: resource://gre/modules/ExtensionContent.jsm, line 574: TypeError: PrecompiledScript.executeInGlobal: Argument 1 is not an object.
JavaScript error: resource://gre/modules/ExtensionContent.jsm, line 574: TypeError: PrecompiledScript.executeInGlobal: Argument 1 is not an object.
JavaScript error: https://www.ebay.com/sch/i.html?_from=R40&_trksid=p2334524.m570.l1313&_nkw=grade+303+elgin&LH_Complete=1&LH_Sold=1, line 1: TypeError: r[1] is undefined
ATTENTION: default value of option mesa_glthread overridden by environment.
JavaScript warning: https://pagead2.googlesyndication.com/bg/U_DPXy_vflqTjVU_YutWJm0axOJE633NQGMGFEhf2s0.js line 1 > eval line 1045 > eval, line 1: WEBGL_debug_renderer_info is deprecated in Firefox and will be removed. Please use RENDERER.
ATTENTION: default value of option mesa_glthread overridden by environment.
JavaScript warning: https://pagead2.googlesyndication.com/bg/U_DPXy_vflqTjVU_YutWJm0axOJE633NQGMGFEhf2s0.js line 1 > eval line 1947 > eval, line 1: WEBGL_debug_renderer_info is deprecated in Firefox and will be removed. Please use RENDERER.
JavaScript error: , line 0: TypeError: NetworkError when attempting to fetch resource.
1641092812535	Marionette	INFO	Stopped listening on port 46821
[Parent 13796, IPC I/O Parent] WARNING: FileDescriptorSet destroyed with unconsumed descriptors: file /build/firefox/src/firefox-95.0.1/ipc/chromium/src/chrome/common/file_descriptor_set_posix.cc:19

###!!! [Child][RunMessage] Error: Channel closing: too late to send/recv, messages will be lost


###!!! [Parent][RunMessage] Error: Channel closing: too late to send/recv, messages will be lost

1641092964625	geckodriver	INFO	Listening on 127.0.0.1:46405
1641092966740	mozrunner::runner	INFO	Running command: "/usr/bin/firefox" "--marionette" "--remote-debugging-port" "42805" "-no-remote" "-profile" "/tmp/rust_mozprofileRaYH8s"
ATTENTION: default value of option mesa_glthread overridden by environment.
ATTENTION: default value of option mesa_glthread overridden by environment.
1641092967310	Marionette	INFO	Marionette enabled
ATTENTION: default value of option mesa_glthread overridden by environment.
console.log: WebExtensions: reset-default-search: starting.
console.log: WebExtensions: reset-default-search: has already ran once and saw panel, exit.
DevTools listening on ws://localhost:42805/devtools/browser/000a73e8-a768-443a-9c00-4ef7530cf842
1641092968835	Marionette	INFO	Listening on port 34821
1641092968892	RemoteAgent	WARN	TLS certificate errors will be ignored for this session
JavaScript error: resource://gre/modules/ExtensionCommon.jsm, line 479: TypeError: this.cloneScope is null
console.log: WebExtensions: reset-default-search: starting.
console.log: WebExtensions: reset-default-search: has already ran once and saw panel, exit.
JavaScript error: moz-extension://a89207d4-3afc-4dab-874b-c81124a022ee/inject/fallback.js, line 4: SecurityError: Permission denied to access property "document" on cross-origin object
JavaScript error: , line 0: uncaught exception: Object
JavaScript error: resource://gre/modules/ExtensionContent.jsm, line 574: TypeError: PrecompiledScript.executeInGlobal: Argument 1 is not an object.
JavaScript error: resource://gre/modules/ExtensionContent.jsm, line 574: TypeError: PrecompiledScript.executeInGlobal: Argument 1 is not an object.
ATTENTION: default value of option mesa_glthread overridden by environment.
JavaScript warning: https://pagead2.googlesyndication.com/bg/U_DPXy_vflqTjVU_YutWJm0axOJE633NQGMGFEhf2s0.js line 1 > eval line 236 > eval, line 1: WEBGL_debug_renderer_info is deprecated in Firefox and will be removed. Please use RENDERER.
JavaScript error: https://www.ebay.com/sch/i.html?_from=R40&_trksid=p2334524.m570.l1313&_nkw=grade+303+elgin&LH_Complete=1&LH_Sold=1, line 1: TypeError: r[1] is undefined
ATTENTION: default value of option mesa_glthread overridden by environment.
JavaScript warning: https://pagead2.googlesyndication.com/bg/U_DPXy_vflqTjVU_YutWJm0axOJE633NQGMGFEhf2s0.js line 1 > eval line 2509 > eval line 1 > eval, line 1: WEBGL_debug_renderer_info is deprecated in Firefox and will be removed. Please use RENDERER.
JavaScript warning: https://pagead2.googlesyndication.com/bg/U_DPXy_vflqTjVU_YutWJm0axOJE633NQGMGFEhf2s0.js line 1 > eval line 2695 > eval, line 1: WEBGL_debug_renderer_info is deprecated in Firefox and will be removed. Please use RENDERER.
JavaScript error: , line 0: TypeError: NetworkError when attempting to fetch resource.
JavaScript error: , line 0: TypeError: NetworkError when attempting to fetch resource.
JavaScript error: , line 0: TypeError: NetworkError when attempting to fetch resource.
1641093022814	Marionette	INFO	Stopped listening on port 34821

###!!! [Parent][RunMessage] Error: Channel closing: too late to send/recv, messages will be lost

1641093078604	geckodriver	INFO	Listening on 127.0.0.1:37515
1641093080710	mozrunner::runner	INFO	Running command: "/usr/bin/firefox" "--marionette" "--remote-debugging-port" "60009" "-no-remote" "-profile" "/tmp/rust_mozprofileSuCoMp"
ATTENTION: default value of option mesa_glthread overridden by environment.
ATTENTION: default value of option mesa_glthread overridden by environment.
1641093081270	Marionette	INFO	Marionette enabled
ATTENTION: default value of option mesa_glthread overridden by environment.
console.log: WebExtensions: reset-default-search: starting.
console.log: WebExtensions: reset-default-search: has already ran once and saw panel, exit.
DevTools listening on ws://localhost:60009/devtools/browser/9c9fb997-6b29-46ea-9a3f-0d9ecfe5f4df
1641093082817	Marionette	INFO	Listening on port 44889
1641093082994	RemoteAgent	WARN	TLS certificate errors will be ignored for this session
console.log: WebExtensions: reset-default-search: starting.
console.log: WebExtensions: reset-default-search: has already ran once and saw panel, exit.
JavaScript error: resource://gre/modules/ExtensionContent.jsm, line 574: TypeError: PrecompiledScript.executeInGlobal: Argument 1 is not an object.
ATTENTION: default value of option mesa_glthread overridden by environment.
JavaScript warning: https://pagead2.googlesyndication.com/bg/U_DPXy_vflqTjVU_YutWJm0axOJE633NQGMGFEhf2s0.js line 1 > eval line 7213 > eval, line 1: WEBGL_debug_renderer_info is deprecated in Firefox and will be removed. Please use RENDERER.
JavaScript error: https://www.ebay.com/sch/i.html?_from=R40&_trksid=p2334524.m570.l1313&_nkw=grade+303+elgin&LH_Complete=1&LH_Sold=1, line 1: TypeError: r[1] is undefined
ATTENTION: default value of option mesa_glthread overridden by environment.
JavaScript warning: https://pagead2.googlesyndication.com/bg/U_DPXy_vflqTjVU_YutWJm0axOJE633NQGMGFEhf2s0.js line 1 > eval line 3089 > eval line 1 > eval, line 1: WEBGL_debug_renderer_info is deprecated in Firefox and will be removed. Please use RENDERER.
JavaScript error: , line 0: TypeError: NetworkError when attempting to fetch resource.
JavaScript error: , line 0: TypeError: NetworkError when attempting to fetch resource.
1641093100901	Marionette	INFO	Stopped listening on port 44889
[Parent 15409, IPC I/O Parent] WARNING: FileDescriptorSet destroyed with unconsumed descriptors: file /build/firefox/src/firefox-95.0.1/ipc/chromium/src/chrome/common/file_descriptor_set_posix.cc:19

###!!! [Child][RunMessage] Error: Channel closing: too late to send/recv, messages will be lost


###!!! [Parent][RunMessage] Error: Channel closing: too late to send/recv, messages will be lost

1641093103472	geckodriver	INFO	Listening on 127.0.0.1:50669
1641093105545	mozrunner::runner	INFO	Running command: "/usr/bin/firefox" "--marionette" "--remote-debugging-port" "39291" "-no-remote" "-profile" "/tmp/rust_mozprofilei2nXbC"
ATTENTION: default value of option mesa_glthread overridden by environment.
ATTENTION: default value of option mesa_glthread overridden by environment.
1641093106111	Marionette	INFO	Marionette enabled
ATTENTION: default value of option mesa_glthread overridden by environment.
console.log: WebExtensions: reset-default-search: starting.
console.log: WebExtensions: reset-default-search: has already ran once and saw panel, exit.
DevTools listening on ws://localhost:39291/devtools/browser/c4a77f83-3047-4d7e-8bef-2a1cc1fd42ab
1641093107630	Marionette	INFO	Listening on port 40473
1641093107682	RemoteAgent	WARN	TLS certificate errors will be ignored for this session
JavaScript error: resource://gre/modules/ExtensionCommon.jsm, line 479: TypeError: this.cloneScope is null
console.log: WebExtensions: reset-default-search: starting.
console.log: WebExtensions: reset-default-search: has already ran once and saw panel, exit.
JavaScript error: resource://gre/modules/ExtensionContent.jsm, line 574: TypeError: PrecompiledScript.executeInGlobal: Argument 1 is not an object.
JavaScript error: https://www.ebay.com/sch/i.html?_from=R40&_trksid=p2334524.m570.l1313&_nkw=grade+303+elgin&LH_Complete=1&LH_Sold=1, line 1: TypeError: r[1] is undefined
ATTENTION: default value of option mesa_glthread overridden by environment.
JavaScript warning: https://pagead2.googlesyndication.com/bg/U_DPXy_vflqTjVU_YutWJm0axOJE633NQGMGFEhf2s0.js line 1 > eval line 1117 > eval line 1 > eval, line 1: WEBGL_debug_renderer_info is deprecated in Firefox and will be removed. Please use RENDERER.
ATTENTION: default value of option mesa_glthread overridden by environment.
JavaScript warning: https://pagead2.googlesyndication.com/bg/U_DPXy_vflqTjVU_YutWJm0axOJE633NQGMGFEhf2s0.js line 1 > eval line 2013 > eval line 1 > eval, line 1: WEBGL_debug_renderer_info is deprecated in Firefox and will be removed. Please use RENDERER.
JavaScript error: , line 0: TypeError: NetworkError when attempting to fetch resource.
JavaScript error: , line 0: TypeError: NetworkError when attempting to fetch resource.
1641093117566	Marionette	INFO	Stopped listening on port 40473
[Parent 15856, IPC I/O Parent] WARNING: FileDescriptorSet destroyed with unconsumed descriptors: file /build/firefox/src/firefox-95.0.1/ipc/chromium/src/chrome/common/file_descriptor_set_posix.cc:19
JavaScript error: resource://gre/modules/PageThumbUtils.jsm, line 38: TypeError: aWindow is null

###!!! [Parent][RunMessage] Error: Channel closing: too late to send/recv, messages will be lost

