1641157266931	geckodriver	INFO	Listening on 127.0.0.1:46223
1641157267296	mozrunner::runner	INFO	Running command: "/usr/bin/firefox" "--marionette" "--remote-debugging-port" "57733" "-no-remote" "-profile" "/tmp/rust_mozprofilevskc74"
1641157267728	Marionette	INFO	Marionette enabled
DevTools listening on ws://localhost:57733/devtools/browser/ce410910-9eda-485f-a4e4-d5fc0ddc47cd
1641157268742	Marionette	INFO	Listening on port 38067
1641157268808	RemoteAgent	WARN	TLS certificate errors will be ignored for this session
1641157269567	geckodriver	INFO	Listening on 127.0.0.1:39793
1641157269928	mozrunner::runner	INFO	Running command: "/usr/bin/firefox" "--marionette" "--remote-debugging-port" "55231" "-no-remote" "-profile" "/tmp/rust_mozprofile86Gwuk"
1641157270356	Marionette	INFO	Marionette enabled
DevTools listening on ws://localhost:55231/devtools/browser/503ca4f6-2468-4da9-976b-b61f9f39aab6
1641157271369	Marionette	INFO	Listening on port 34671
1641157271440	RemoteAgent	WARN	TLS certificate errors will be ignored for this session
1641157292200	Marionette	INFO	Stopped listening on port 38067

###!!! [Child][RunMessage] Error: Channel closing: too late to send/recv, messages will be lost


###!!! [Parent][RunMessage] Error: Channel closing: too late to send/recv, messages will be lost

Sandbox: Unexpected EOF, op 0 flags 00 path /proc/cpuinfo
1641157294160	Marionette	INFO	Stopped listening on port 34671

###!!! [Child][RunMessage] Error: Channel closing: too late to send/recv, messages will be lost


###!!! [Parent][RunMessage] Error: Channel closing: too late to send/recv, messages will be lost

1641157345061	geckodriver	INFO	Listening on 127.0.0.1:47781
1641157345427	mozrunner::runner	INFO	Running command: "/usr/bin/firefox" "--marionette" "--remote-debugging-port" "33369" "-no-remote" "-profile" "/tmp/rust_mozprofilezzAlRg"
1641157345857	Marionette	INFO	Marionette enabled
DevTools listening on ws://localhost:33369/devtools/browser/4288c7e5-f01c-4c4f-8a2c-d40ebb3d39e0
1641157346897	Marionette	INFO	Listening on port 43839
1641157346937	RemoteAgent	WARN	TLS certificate errors will be ignored for this session
console.log: WebExtensions: reset-default-search: starting.
console.log: WebExtensions: reset-default-search: No addons in our list are installed.
1641158142375	Marionette	INFO	Stopped listening on port 43839

###!!! [Child][RunMessage] Error: Channel closing: too late to send/recv, messages will be lost

JavaScript error: resource://services-sync/engines/extension-storage.js, line 53: TypeError: Svc.Prefs is undefined

###!!! [Parent][RunMessage] Error: Channel closing: too late to send/recv, messages will be lost

1641158204913	geckodriver	INFO	Listening on 127.0.0.1:37999
1641158205287	mozrunner::runner	INFO	Running command: "/usr/bin/firefox" "--marionette" "--remote-debugging-port" "59605" "-no-remote" "-profile" "/tmp/rust_mozprofileiyNpu0"
1641158205707	Marionette	INFO	Marionette enabled
JavaScript error: resource://gre/modules/ExtensionContent.jsm, line 574: TypeError: PrecompiledScript.executeInGlobal: Argument 1 is not an object.
DevTools listening on ws://localhost:59605/devtools/browser/e07e575c-1d5b-481d-bd66-4f01803e3359
1641158206697	Marionette	INFO	Listening on port 46347
1641158206798	RemoteAgent	WARN	TLS certificate errors will be ignored for this session
1641158279855	Marionette	INFO	Stopped listening on port 46347
JavaScript error: resource://services-sync/engines/extension-storage.js, line 53: TypeError: Svc.Prefs is undefined

###!!! [Child][RunMessage] Error: Channel closing: too late to send/recv, messages will be lost


###!!! [Parent][RunMessage] Error: Channel closing: too late to send/recv, messages will be lost

Sandbox: Unexpected EOF, op 0 flags 00 path /proc/cpuinfo
1641158361354	geckodriver	INFO	Listening on 127.0.0.1:35749
1641158361722	mozrunner::runner	INFO	Running command: "/usr/bin/firefox" "--marionette" "--remote-debugging-port" "59629" "-no-remote" "-profile" "/tmp/rust_mozprofileCqB3ba"
1641158362154	Marionette	INFO	Marionette enabled
DevTools listening on ws://localhost:59629/devtools/browser/06243897-1a33-43c7-98fe-ce2e2fa154f0
1641158363162	Marionette	INFO	Listening on port 37807
1641158363233	RemoteAgent	WARN	TLS certificate errors will be ignored for this session
1641158366049	Marionette	INFO	Stopped listening on port 37807

###!!! [Child][RunMessage] Error: Channel closing: too late to send/recv, messages will be lost


###!!! [Parent][RunMessage] Error: Channel closing: too late to send/recv, messages will be lost

1641158375748	geckodriver	INFO	Listening on 127.0.0.1:48839
1641158376121	mozrunner::runner	INFO	Running command: "/usr/bin/firefox" "--marionette" "--remote-debugging-port" "36091" "-no-remote" "-profile" "/tmp/rust_mozprofilewNwy5w"
1641158376554	Marionette	INFO	Marionette enabled
DevTools listening on ws://localhost:36091/devtools/browser/885861cd-6217-418c-9186-6f5962bcb9c5
1641158377500	Marionette	INFO	Listening on port 40705
1641158377549	RemoteAgent	WARN	TLS certificate errors will be ignored for this session
1641158390846	geckodriver	INFO	Listening on 127.0.0.1:56827
JavaScript warning: https://pagead2.googlesyndication.com/bg/b_8rsBg2pSAE7OSEuXeXkmKAJRzK7XLbOE8Wp2RNR2Q.js line 1 > eval line 506 > eval line 1 > eval, line 1: WEBGL_debug_renderer_info is deprecated in Firefox and will be removed. Please use RENDERER.
1641158391210	mozrunner::runner	INFO	Running command: "/usr/bin/firefox" "--marionette" "--remote-debugging-port" "41179" "-no-remote" "-profile" "/tmp/rust_mozprofileF4JXvZ"
1641158391635	Marionette	INFO	Marionette enabled
DevTools listening on ws://localhost:41179/devtools/browser/7c4a9cf2-5231-458b-81fc-e4898ead3be9
1641158392640	Marionette	INFO	Listening on port 40911
1641158392722	RemoteAgent	WARN	TLS certificate errors will be ignored for this session
1641158396868	geckodriver	INFO	Listening on 127.0.0.1:48031
JavaScript warning: https://pagead2.googlesyndication.com/bg/b_8rsBg2pSAE7OSEuXeXkmKAJRzK7XLbOE8Wp2RNR2Q.js line 1 > eval line 6798 > eval, line 1: WEBGL_debug_renderer_info is deprecated in Firefox and will be removed. Please use RENDERER.
1641158397234	mozrunner::runner	INFO	Running command: "/usr/bin/firefox" "--marionette" "--remote-debugging-port" "50703" "-no-remote" "-profile" "/tmp/rust_mozprofileJTNBFu"
1641158397653	Marionette	INFO	Marionette enabled
DevTools listening on ws://localhost:50703/devtools/browser/f2817808-2caa-4e24-9043-8ea2eaeba0f9
1641158399013	Marionette	INFO	Listening on port 37353
1641158399052	RemoteAgent	WARN	TLS certificate errors will be ignored for this session
JavaScript warning: https://pagead2.googlesyndication.com/bg/b_8rsBg2pSAE7OSEuXeXkmKAJRzK7XLbOE8Wp2RNR2Q.js line 1 > eval line 4689 > eval line 1 > eval, line 1: WEBGL_debug_renderer_info is deprecated in Firefox and will be removed. Please use RENDERER.
1641158417648	Marionette	INFO	Stopped listening on port 40705
JavaScript error: , line 0: TypeError: NetworkError when attempting to fetch resource.

###!!! [Child][RunMessage] Error: Channel closing: too late to send/recv, messages will be lost


###!!! [Parent][RunMessage] Error: Channel closing: too late to send/recv, messages will be lost

1641158418953	Marionette	INFO	Stopped listening on port 40911
JavaScript error: , line 0: TypeError: NetworkError when attempting to fetch resource.

###!!! [Child][RunMessage] Error: Channel closing: too late to send/recv, messages will be lost


###!!! [Parent][RunMessage] Error: Channel closing: too late to send/recv, messages will be lost

Sandbox: Unexpected EOF, op 0 flags 00 path /proc/cpuinfo
1641158419624	Marionette	INFO	Stopped listening on port 37353
JavaScript error: , line 0: TypeError: NetworkError when attempting to fetch resource.

###!!! [Child][RunMessage] Error: Channel closing: too late to send/recv, messages will be lost


###!!! [Parent][RunMessage] Error: Channel closing: too late to send/recv, messages will be lost

1641158672454	geckodriver	INFO	Listening on 127.0.0.1:59373
1641158672821	mozrunner::runner	INFO	Running command: "/usr/bin/firefox" "--marionette" "--remote-debugging-port" "49427" "-no-remote" "-profile" "/tmp/rust_mozprofileth5a3p"
1641158673264	Marionette	INFO	Marionette enabled
DevTools listening on ws://localhost:49427/devtools/browser/83e58a63-4b23-4fd2-ae9a-f664b5b7b53e
1641158674277	Marionette	INFO	Listening on port 38175
1641158674332	RemoteAgent	WARN	TLS certificate errors will be ignored for this session
1641158708102	Marionette	INFO	Stopped listening on port 38175
Sandbox: Unexpected EOF, op 0 flags 00 path /proc/cpuinfo
1641158710500	geckodriver	INFO	Listening on 127.0.0.1:45203
1641158710869	mozrunner::runner	INFO	Running command: "/usr/bin/firefox" "--marionette" "--remote-debugging-port" "40507" "-no-remote" "-profile" "/tmp/rust_mozprofileh6d0LM"
1641158711313	Marionette	INFO	Marionette enabled
DevTools listening on ws://localhost:40507/devtools/browser/e7565efd-95d9-4552-b53e-177e77f01f01
1641158712326	Marionette	INFO	Listening on port 45407
1641158712380	RemoteAgent	WARN	TLS certificate errors will be ignored for this session
1641158715862	Marionette	INFO	Stopped listening on port 45407
JavaScript error: resource://gre/modules/BackgroundPageThumbs.jsm, line 718: TypeError: captureCallback is not a function

###!!! [Parent][MessageChannel] Error: (msgtype=0x390078,name=PContent::Msg_DestroyBrowsingContextGroup) Closed channel: cannot send/recv


###!!! [Child][RunMessage] Error: Channel closing: too late to send/recv, messages will be lost

1641158816395	geckodriver	INFO	Listening on 127.0.0.1:42689
1641158816765	mozrunner::runner	INFO	Running command: "/usr/bin/firefox" "--marionette" "--remote-debugging-port" "42755" "-no-remote" "-profile" "/tmp/rust_mozprofilePT17LG"
1641158817202	Marionette	INFO	Marionette enabled
DevTools listening on ws://localhost:42755/devtools/browser/d6c8b493-2c18-4beb-aa13-9c49bc769bf7
1641158818252	Marionette	INFO	Listening on port 39777
1641158818276	RemoteAgent	WARN	TLS certificate errors will be ignored for this session
1641158872501	Marionette	INFO	Stopped listening on port 39777

###!!! [Child][RunMessage] Error: Channel closing: too late to send/recv, messages will be lost


###!!! [Parent][RunMessage] Error: Channel closing: too late to send/recv, messages will be lost

Sandbox: Unexpected EOF, op 0 flags 00 path /proc/cpuinfo
1641158900878	geckodriver	INFO	Listening on 127.0.0.1:37371
1641158901245	mozrunner::runner	INFO	Running command: "/usr/bin/firefox" "--marionette" "--remote-debugging-port" "33657" "-no-remote" "-profile" "/tmp/rust_mozprofileOCrTQi"
1641158901669	Marionette	INFO	Marionette enabled
DevTools listening on ws://localhost:33657/devtools/browser/d483c4ca-64aa-4784-bc58-4cb8100b4a57
1641158902671	Marionette	INFO	Listening on port 37965
1641158902757	RemoteAgent	WARN	TLS certificate errors will be ignored for this session
JavaScript warning: https://pagead2.googlesyndication.com/bg/b_8rsBg2pSAE7OSEuXeXkmKAJRzK7XLbOE8Wp2RNR2Q.js line 1 > eval line 6939 > eval line 1 > eval, line 1: WEBGL_debug_renderer_info is deprecated in Firefox and will be removed. Please use RENDERER.
1641158923936	Marionette	INFO	Stopped listening on port 37965
JavaScript error: , line 0: TypeError: NetworkError when attempting to fetch resource.

###!!! [Child][RunMessage] Error: Channel closing: too late to send/recv, messages will be lost


###!!! [Parent][RunMessage] Error: Channel closing: too late to send/recv, messages will be lost

Sandbox: Unexpected EOF, op 0 flags 00 path /proc/cpuinfo
1641159235949	geckodriver	INFO	Listening on 127.0.0.1:57805
1641159236313	mozrunner::runner	INFO	Running command: "/usr/bin/firefox" "--marionette" "--remote-debugging-port" "58447" "-no-remote" "-profile" "/tmp/rust_mozprofileR7iPOM"
1641159236738	Marionette	INFO	Marionette enabled
DevTools listening on ws://localhost:58447/devtools/browser/9ce78fbf-8a53-4338-996f-a413cf7d3021
1641159237805	Marionette	INFO	Listening on port 38217
1641159237824	RemoteAgent	WARN	TLS certificate errors will be ignored for this session
1641159264753	Marionette	INFO	Stopped listening on port 38217

###!!! [Child][RunMessage] Error: Channel closing: too late to send/recv, messages will be lost


###!!! [Parent][RunMessage] Error: Channel closing: too late to send/recv, messages will be lost

Sandbox: Unexpected EOF, op 0 flags 00 path /proc/cpuinfo
1641159266159	geckodriver	INFO	Listening on 127.0.0.1:53073
1641159266525	mozrunner::runner	INFO	Running command: "/usr/bin/firefox" "--marionette" "--remote-debugging-port" "54047" "-no-remote" "-profile" "/tmp/rust_mozprofilehJ39Zf"
1641159266953	Marionette	INFO	Marionette enabled
DevTools listening on ws://localhost:54047/devtools/browser/cbef5192-a44e-4824-8b97-f3c3d68008f3
1641159268022	Marionette	INFO	Listening on port 40387
1641159268039	RemoteAgent	WARN	TLS certificate errors will be ignored for this session
1641159284007	geckodriver	INFO	Listening on 127.0.0.1:35831
JavaScript warning: https://pagead2.googlesyndication.com/bg/b_8rsBg2pSAE7OSEuXeXkmKAJRzK7XLbOE8Wp2RNR2Q.js line 1 > eval line 6578 > eval, line 1: WEBGL_debug_renderer_info is deprecated in Firefox and will be removed. Please use RENDERER.
1641159284376	mozrunner::runner	INFO	Running command: "/usr/bin/firefox" "--marionette" "--remote-debugging-port" "32929" "-no-remote" "-profile" "/tmp/rust_mozprofile1Aznf8"
1641159284793	Marionette	INFO	Marionette enabled
DevTools listening on ws://localhost:32929/devtools/browser/1e54a0ad-49f3-4a47-a993-2b754a7b2ea5
1641159285794	Marionette	INFO	Listening on port 38527
1641159285888	RemoteAgent	WARN	TLS certificate errors will be ignored for this session
JavaScript warning: https://pagead2.googlesyndication.com/bg/b_8rsBg2pSAE7OSEuXeXkmKAJRzK7XLbOE8Wp2RNR2Q.js line 1 > eval line 1161 > eval line 1 > eval, line 1: WEBGL_debug_renderer_info is deprecated in Firefox and will be removed. Please use RENDERER.
1641159317809	Marionette	INFO	Stopped listening on port 40387
JavaScript error: , line 0: TypeError: NetworkError when attempting to fetch resource.

###!!! [Child][RunMessage] Error: Channel closing: too late to send/recv, messages will be lost


###!!! [Parent][RunMessage] Error: Channel closing: too late to send/recv, messages will be lost

Sandbox: Unexpected EOF, op 0 flags 00 path /proc/cpuinfo
1641159319261	Marionette	INFO	Stopped listening on port 38527
JavaScript error: , line 0: TypeError: NetworkError when attempting to fetch resource.

###!!! [Child][RunMessage] Error: Channel closing: too late to send/recv, messages will be lost


###!!! [Parent][RunMessage] Error: Channel closing: too late to send/recv, messages will be lost

Sandbox: Unexpected EOF, op 0 flags 00 path /proc/cpuinfo
1641159406666	geckodriver	INFO	Listening on 127.0.0.1:34215
1641159407031	mozrunner::runner	INFO	Running command: "/usr/bin/firefox" "--marionette" "--remote-debugging-port" "47587" "-no-remote" "-profile" "/tmp/rust_mozprofilevBOXwn"
1641159407458	Marionette	INFO	Marionette enabled
DevTools listening on ws://localhost:47587/devtools/browser/8c127a4b-b279-433a-b090-bd1cab055b1a
1641159408495	Marionette	INFO	Listening on port 46581
1641159408543	RemoteAgent	WARN	TLS certificate errors will be ignored for this session
1641159416050	geckodriver	INFO	Listening on 127.0.0.1:34663
JavaScript warning: https://pagead2.googlesyndication.com/bg/b_8rsBg2pSAE7OSEuXeXkmKAJRzK7XLbOE8Wp2RNR2Q.js line 1 > eval line 5700 > eval line 1 > eval, line 1: WEBGL_debug_renderer_info is deprecated in Firefox and will be removed. Please use RENDERER.
1641159416412	mozrunner::runner	INFO	Running command: "/usr/bin/firefox" "--marionette" "--remote-debugging-port" "52495" "-no-remote" "-profile" "/tmp/rust_mozprofile8stvEi"
1641159416834	Marionette	INFO	Marionette enabled
DevTools listening on ws://localhost:52495/devtools/browser/0c8b2d64-a839-423b-a8b5-1aa52db32252
1641159417819	Marionette	INFO	Listening on port 41249
1641159417926	RemoteAgent	WARN	TLS certificate errors will be ignored for this session
1641159422207	geckodriver	INFO	Listening on 127.0.0.1:54647
JavaScript warning: https://pagead2.googlesyndication.com/bg/b_8rsBg2pSAE7OSEuXeXkmKAJRzK7XLbOE8Wp2RNR2Q.js line 1 > eval line 6641 > eval, line 1: WEBGL_debug_renderer_info is deprecated in Firefox and will be removed. Please use RENDERER.
1641159422575	mozrunner::runner	INFO	Running command: "/usr/bin/firefox" "--marionette" "--remote-debugging-port" "48171" "-no-remote" "-profile" "/tmp/rust_mozprofiletJLQ27"
1641159422998	Marionette	INFO	Marionette enabled
DevTools listening on ws://localhost:48171/devtools/browser/4501ba4f-fd6c-4eed-a8fa-1e05cd7c1609
1641159424007	Marionette	INFO	Listening on port 42089
1641159424087	RemoteAgent	WARN	TLS certificate errors will be ignored for this session
JavaScript warning: https://pagead2.googlesyndication.com/bg/b_8rsBg2pSAE7OSEuXeXkmKAJRzK7XLbOE8Wp2RNR2Q.js line 1 > eval line 690 > eval line 1 > eval, line 1: WEBGL_debug_renderer_info is deprecated in Firefox and will be removed. Please use RENDERER.
1641159442966	Marionette	INFO	Stopped listening on port 46581
JavaScript error: , line 0: TypeError: NetworkError when attempting to fetch resource.

###!!! [Child][RunMessage] Error: Channel closing: too late to send/recv, messages will be lost


###!!! [Parent][RunMessage] Error: Channel closing: too late to send/recv, messages will be lost

1641159444368	Marionette	INFO	Stopped listening on port 41249
JavaScript error: , line 0: TypeError: NetworkError when attempting to fetch resource.

###!!! [Child][RunMessage] Error: Channel closing: too late to send/recv, messages will be lost


###!!! [Parent][RunMessage] Error: Channel closing: too late to send/recv, messages will be lost

Sandbox: Unexpected EOF, op 0 flags 00 path /proc/cpuinfo
1641159444942	Marionette	INFO	Stopped listening on port 42089
JavaScript error: , line 0: TypeError: NetworkError when attempting to fetch resource.

###!!! [Child][RunMessage] Error: Channel closing: too late to send/recv, messages will be lost


###!!! [Parent][RunMessage] Error: Channel closing: too late to send/recv, messages will be lost

Sandbox: Unexpected EOF, op 0 flags 00 path /proc/cpuinfo
1641159538690	geckodriver	INFO	Listening on 127.0.0.1:55975
1641159539057	mozrunner::runner	INFO	Running command: "/usr/bin/firefox" "--marionette" "--remote-debugging-port" "59707" "-no-remote" "-profile" "/tmp/rust_mozprofile2hSQKk"
1641159539483	Marionette	INFO	Marionette enabled
DevTools listening on ws://localhost:59707/devtools/browser/60e65831-10cc-4163-a901-0f528b46edaf
1641159540465	Marionette	INFO	Listening on port 42037
1641159540569	RemoteAgent	WARN	TLS certificate errors will be ignored for this session
1641159540943	geckodriver	INFO	Listening on 127.0.0.1:49819
1641159541301	mozrunner::runner	INFO	Running command: "/usr/bin/firefox" "--marionette" "--remote-debugging-port" "55305" "-no-remote" "-profile" "/tmp/rust_mozprofileWe5U72"
1641159541741	Marionette	INFO	Marionette enabled
DevTools listening on ws://localhost:55305/devtools/browser/d47b19f8-e19d-49c2-a59b-809baae9f3ff
1641159542780	Marionette	INFO	Listening on port 41871
1641159542813	RemoteAgent	WARN	TLS certificate errors will be ignored for this session
1641159543183	geckodriver	INFO	Listening on 127.0.0.1:33027
1641159543545	mozrunner::runner	INFO	Running command: "/usr/bin/firefox" "--marionette" "--remote-debugging-port" "49773" "-no-remote" "-profile" "/tmp/rust_mozprofilea78KJZ"
1641159543989	Marionette	INFO	Marionette enabled
DevTools listening on ws://localhost:49773/devtools/browser/2e2e2f2d-cb39-4f78-9a9b-04b3ca079a7c
1641159544931	Marionette	INFO	Listening on port 45827
1641159544975	RemoteAgent	WARN	TLS certificate errors will be ignored for this session
1641159579618	Marionette	INFO	Stopped listening on port 42037

###!!! [Child][RunMessage] Error: Channel closing: too late to send/recv, messages will be lost


###!!! [Parent][RunMessage] Error: Channel closing: too late to send/recv, messages will be lost

Sandbox: Unexpected EOF, op 0 flags 00 path /proc/cpuinfo
1641159580533	Marionette	INFO	Stopped listening on port 41871

###!!! [Child][RunMessage] Error: Channel closing: too late to send/recv, messages will be lost

Sandbox: Unexpected EOF, op 0 flags 00 path /proc/cpuinfo
1641159581089	Marionette	INFO	Stopped listening on port 45827

###!!! [Child][RunMessage] Error: Channel closing: too late to send/recv, messages will be lost


###!!! [Parent][RunMessage] Error: Channel closing: too late to send/recv, messages will be lost

Sandbox: Unexpected EOF, op 0 flags 00 path /proc/cpuinfo
1641159586892	geckodriver	INFO	Listening on 127.0.0.1:50349
1641159587263	mozrunner::runner	INFO	Running command: "/usr/bin/firefox" "--marionette" "--remote-debugging-port" "46105" "-no-remote" "-profile" "/tmp/rust_mozprofilerf2i1o"
1641159587685	Marionette	INFO	Marionette enabled
DevTools listening on ws://localhost:46105/devtools/browser/9763f451-037c-404b-9ac9-3d30e565cada
1641159588726	Marionette	INFO	Listening on port 45675
1641159588775	RemoteAgent	WARN	TLS certificate errors will be ignored for this session
1641159595754	geckodriver	INFO	Listening on 127.0.0.1:60743
JavaScript warning: https://pagead2.googlesyndication.com/bg/b_8rsBg2pSAE7OSEuXeXkmKAJRzK7XLbOE8Wp2RNR2Q.js line 1 > eval line 4002 > eval line 1 > eval, line 1: WEBGL_debug_renderer_info is deprecated in Firefox and will be removed. Please use RENDERER.
1641159596118	mozrunner::runner	INFO	Running command: "/usr/bin/firefox" "--marionette" "--remote-debugging-port" "50475" "-no-remote" "-profile" "/tmp/rust_mozprofileUKZxna"
1641159596538	Marionette	INFO	Marionette enabled
DevTools listening on ws://localhost:50475/devtools/browser/c2334798-911e-45fd-9828-594359987501
1641159597516	Marionette	INFO	Listening on port 42533
1641159597535	RemoteAgent	WARN	TLS certificate errors will be ignored for this session
1641159600914	geckodriver	INFO	Listening on 127.0.0.1:37309
1641159601271	mozrunner::runner	INFO	Running command: "/usr/bin/firefox" "--marionette" "--remote-debugging-port" "37549" "-no-remote" "-profile" "/tmp/rust_mozprofileeX7wTF"
1641159601691	Marionette	INFO	Marionette enabled
JavaScript warning: https://pagead2.googlesyndication.com/bg/b_8rsBg2pSAE7OSEuXeXkmKAJRzK7XLbOE8Wp2RNR2Q.js line 1 > eval line 6373 > eval, line 1: WEBGL_debug_renderer_info is deprecated in Firefox and will be removed. Please use RENDERER.
DevTools listening on ws://localhost:37549/devtools/browser/4c9a26de-9a88-4194-8080-233d6bc72b9f
1641159602716	Marionette	INFO	Listening on port 43497
1641159602782	RemoteAgent	WARN	TLS certificate errors will be ignored for this session
JavaScript warning: https://pagead2.googlesyndication.com/bg/b_8rsBg2pSAE7OSEuXeXkmKAJRzK7XLbOE8Wp2RNR2Q.js line 1 > eval line 5193 > eval line 1 > eval, line 1: WEBGL_debug_renderer_info is deprecated in Firefox and will be removed. Please use RENDERER.
1641159651654	Marionette	INFO	Stopped listening on port 45675
JavaScript error: , line 0: TypeError: NetworkError when attempting to fetch resource.

###!!! [Child][RunMessage] Error: Channel closing: too late to send/recv, messages will be lost


###!!! [Parent][RunMessage] Error: Channel closing: too late to send/recv, messages will be lost

1641159652913	Marionette	INFO	Stopped listening on port 42533
JavaScript error: , line 0: TypeError: NetworkError when attempting to fetch resource.

###!!! [Child][RunMessage] Error: Channel closing: too late to send/recv, messages will be lost


###!!! [Parent][RunMessage] Error: Channel closing: too late to send/recv, messages will be lost

1641159653800	Marionette	INFO	Stopped listening on port 43497
JavaScript error: , line 0: TypeError: NetworkError when attempting to fetch resource.

###!!! [Child][RunMessage] Error: Channel closing: too late to send/recv, messages will be lost


###!!! [Parent][RunMessage] Error: Channel closing: too late to send/recv, messages will be lost

Sandbox: Unexpected EOF, op 0 flags 00 path /proc/cpuinfo
1641159656392	geckodriver	INFO	Listening on 127.0.0.1:38119
1641159656760	mozrunner::runner	INFO	Running command: "/usr/bin/firefox" "--marionette" "--remote-debugging-port" "44413" "-no-remote" "-profile" "/tmp/rust_mozprofilesP98ad"
1641159657211	Marionette	INFO	Marionette enabled
DevTools listening on ws://localhost:44413/devtools/browser/261351f4-e65b-41ff-8dc8-68ac8112dfdd
1641159658242	Marionette	INFO	Listening on port 45599
1641159658272	RemoteAgent	WARN	TLS certificate errors will be ignored for this session
1641159668009	geckodriver	INFO	Listening on 127.0.0.1:59795
JavaScript warning: https://pagead2.googlesyndication.com/bg/b_8rsBg2pSAE7OSEuXeXkmKAJRzK7XLbOE8Wp2RNR2Q.js line 1 > eval line 1942 > eval, line 1: WEBGL_debug_renderer_info is deprecated in Firefox and will be removed. Please use RENDERER.
1641159668370	mozrunner::runner	INFO	Running command: "/usr/bin/firefox" "--marionette" "--remote-debugging-port" "60331" "-no-remote" "-profile" "/tmp/rust_mozprofileOcw4eL"
1641159668791	Marionette	INFO	Marionette enabled
DevTools listening on ws://localhost:60331/devtools/browser/4030f724-c2a9-4406-a274-ba01547f074c
1641159669849	Marionette	INFO	Listening on port 46617
1641159669881	RemoteAgent	WARN	TLS certificate errors will be ignored for this session
JavaScript warning: https://pagead2.googlesyndication.com/bg/b_8rsBg2pSAE7OSEuXeXkmKAJRzK7XLbOE8Wp2RNR2Q.js line 1 > eval line 7489 > eval line 1 > eval, line 1: WEBGL_debug_renderer_info is deprecated in Firefox and will be removed. Please use RENDERER.
1641159687693	Marionette	INFO	Stopped listening on port 46617
JavaScript error: , line 0: TypeError: NetworkError when attempting to fetch resource.

###!!! [Child][RunMessage] Error: Channel closing: too late to send/recv, messages will be lost


###!!! [Parent][RunMessage] Error: Channel closing: too late to send/recv, messages will be lost

1641159689084	Marionette	INFO	Stopped listening on port 45599
JavaScript error: , line 0: TypeError: NetworkError when attempting to fetch resource.

###!!! [Child][RunMessage] Error: Channel closing: too late to send/recv, messages will be lost


###!!! [Parent][RunMessage] Error: Channel closing: too late to send/recv, messages will be lost

Sandbox: Unexpected EOF, op 0 flags 00 path /proc/cpuinfo
1641159737910	geckodriver	INFO	Listening on 127.0.0.1:33219
1641159738279	mozrunner::runner	INFO	Running command: "/usr/bin/firefox" "--marionette" "--remote-debugging-port" "43965" "-no-remote" "-profile" "/tmp/rust_mozprofile2JrQrd"
1641159738708	Marionette	INFO	Marionette enabled
DevTools listening on ws://localhost:43965/devtools/browser/4821efbe-909b-4ba9-96b8-861c413e3d09
1641159739738	Marionette	INFO	Listening on port 37363
1641159739791	RemoteAgent	WARN	TLS certificate errors will be ignored for this session
1641159744564	geckodriver	INFO	Listening on 127.0.0.1:53717
1641159744933	mozrunner::runner	INFO	Running command: "/usr/bin/firefox" "--marionette" "--remote-debugging-port" "43837" "-no-remote" "-profile" "/tmp/rust_mozprofilehI34bf"
JavaScript warning: https://pagead2.googlesyndication.com/bg/b_8rsBg2pSAE7OSEuXeXkmKAJRzK7XLbOE8Wp2RNR2Q.js line 1 > eval line 4621 > eval, line 1: WEBGL_debug_renderer_info is deprecated in Firefox and will be removed. Please use RENDERER.
1641159745357	Marionette	INFO	Marionette enabled
DevTools listening on ws://localhost:43837/devtools/browser/4fe10338-5ce4-43d0-83b8-60714f6109e5
1641159746381	Marionette	INFO	Listening on port 39717
1641159746446	RemoteAgent	WARN	TLS certificate errors will be ignored for this session
JavaScript warning: https://pagead2.googlesyndication.com/bg/b_8rsBg2pSAE7OSEuXeXkmKAJRzK7XLbOE8Wp2RNR2Q.js line 1 > eval line 1391 > eval line 1 > eval, line 1: WEBGL_debug_renderer_info is deprecated in Firefox and will be removed. Please use RENDERER.
1641159783571	Marionette	INFO	Stopped listening on port 37363
JavaScript error: , line 0: TypeError: NetworkError when attempting to fetch resource.

###!!! [Child][RunMessage] Error: Channel closing: too late to send/recv, messages will be lost


###!!! [Parent][RunMessage] Error: Channel closing: too late to send/recv, messages will be lost

1641159784638	Marionette	INFO	Stopped listening on port 39717
JavaScript error: , line 0: TypeError: NetworkError when attempting to fetch resource.

###!!! [Child][RunMessage] Error: Channel closing: too late to send/recv, messages will be lost


###!!! [Parent][RunMessage] Error: Channel closing: too late to send/recv, messages will be lost

Sandbox: Unexpected EOF, op 0 flags 00 path /proc/cpuinfo
1641159786384	geckodriver	INFO	Listening on 127.0.0.1:42147
1641159786751	mozrunner::runner	INFO	Running command: "/usr/bin/firefox" "--marionette" "--remote-debugging-port" "55103" "-no-remote" "-profile" "/tmp/rust_mozprofileKiH3ue"
1641159787203	Marionette	INFO	Marionette enabled
DevTools listening on ws://localhost:55103/devtools/browser/8d31a675-ff49-4d31-b3ef-38cda8be7ffc
1641159788234	Marionette	INFO	Listening on port 35285
1641159788262	RemoteAgent	WARN	TLS certificate errors will be ignored for this session
1641159792109	geckodriver	INFO	Listening on 127.0.0.1:38989
JavaScript warning: https://pagead2.googlesyndication.com/bg/b_8rsBg2pSAE7OSEuXeXkmKAJRzK7XLbOE8Wp2RNR2Q.js line 1 > eval line 4018 > eval line 1 > eval, line 1: WEBGL_debug_renderer_info is deprecated in Firefox and will be removed. Please use RENDERER.
1641159792472	mozrunner::runner	INFO	Running command: "/usr/bin/firefox" "--marionette" "--remote-debugging-port" "48571" "-no-remote" "-profile" "/tmp/rust_mozprofileQe9rkG"
1641159792902	Marionette	INFO	Marionette enabled
JavaScript error: resource://gre/modules/ExtensionContent.jsm, line 574: TypeError: PrecompiledScript.executeInGlobal: Argument 1 is not an object.
DevTools listening on ws://localhost:48571/devtools/browser/81571ed2-135b-438b-9019-225a211ac9d5
1641159793959	Marionette	INFO	Listening on port 45251
1641159793985	RemoteAgent	WARN	TLS certificate errors will be ignored for this session
JavaScript warning: https://pagead2.googlesyndication.com/bg/b_8rsBg2pSAE7OSEuXeXkmKAJRzK7XLbOE8Wp2RNR2Q.js line 1 > eval line 7346 > eval line 1 > eval, line 1: WEBGL_debug_renderer_info is deprecated in Firefox and will be removed. Please use RENDERER.
1641159851375	Marionette	INFO	Stopped listening on port 35285
JavaScript error: , line 0: TypeError: NetworkError when attempting to fetch resource.

###!!! [Child][RunMessage] Error: Channel closing: too late to send/recv, messages will be lost


###!!! [Parent][RunMessage] Error: Channel closing: too late to send/recv, messages will be lost

Sandbox: Unexpected EOF, op 0 flags 00 path /proc/cpuinfo
1641159852632	Marionette	INFO	Stopped listening on port 45251
JavaScript error: , line 0: TypeError: NetworkError when attempting to fetch resource.

###!!! [Child][RunMessage] Error: Channel closing: too late to send/recv, messages will be lost


###!!! [Parent][RunMessage] Error: Channel closing: too late to send/recv, messages will be lost

Sandbox: Unexpected EOF, op 0 flags 00 path /proc/cpuinfo
1641159856417	geckodriver	INFO	Listening on 127.0.0.1:36799
1641159856785	mozrunner::runner	INFO	Running command: "/usr/bin/firefox" "--marionette" "--remote-debugging-port" "37583" "-no-remote" "-profile" "/tmp/rust_mozprofilep38Vwf"
1641159857224	Marionette	INFO	Marionette enabled
DevTools listening on ws://localhost:37583/devtools/browser/564d28bb-b872-474e-8b88-e4d8c04ed3f8
1641159858223	Marionette	INFO	Listening on port 38433
1641159858296	RemoteAgent	WARN	TLS certificate errors will be ignored for this session
1641159862329	geckodriver	INFO	Listening on 127.0.0.1:52703
JavaScript warning: https://pagead2.googlesyndication.com/bg/b_8rsBg2pSAE7OSEuXeXkmKAJRzK7XLbOE8Wp2RNR2Q.js line 1 > eval line 7180 > eval, line 1: WEBGL_debug_renderer_info is deprecated in Firefox and will be removed. Please use RENDERER.
1641159862693	mozrunner::runner	INFO	Running command: "/usr/bin/firefox" "--marionette" "--remote-debugging-port" "46713" "-no-remote" "-profile" "/tmp/rust_mozprofileXcLbLs"
1641159863132	Marionette	INFO	Marionette enabled
DevTools listening on ws://localhost:46713/devtools/browser/9c395796-b505-4dc0-a687-8c66b737c087
1641159864148	Marionette	INFO	Listening on port 43145
1641159864204	RemoteAgent	WARN	TLS certificate errors will be ignored for this session
JavaScript warning: https://pagead2.googlesyndication.com/bg/b_8rsBg2pSAE7OSEuXeXkmKAJRzK7XLbOE8Wp2RNR2Q.js line 1 > eval line 5890 > eval line 1 > eval, line 1: WEBGL_debug_renderer_info is deprecated in Firefox and will be removed. Please use RENDERER.
JavaScript error: , line 0: TypeError: NetworkError when attempting to fetch resource.
JavaScript error: , line 0: TypeError: NetworkError when attempting to fetch resource.
1641160110543	Marionette	INFO	Stopped listening on port 43145

###!!! [Child][RunMessage] Error: Channel closing: too late to send/recv, messages will be lost


###!!! [Parent][RunMessage] Error: Channel closing: too late to send/recv, messages will be lost

Sandbox: Unexpected EOF, op 0 flags 00 path /proc/cpuinfo
1641160111807	Marionette	INFO	Stopped listening on port 38433

###!!! [Child][RunMessage] Error: Channel closing: too late to send/recv, messages will be lost


###!!! [Parent][RunMessage] Error: Channel closing: too late to send/recv, messages will be lost

1641160329109	geckodriver	INFO	Listening on 127.0.0.1:37889
1641160329474	mozrunner::runner	INFO	Running command: "/usr/bin/firefox" "--marionette" "--remote-debugging-port" "36393" "-no-remote" "-profile" "/tmp/rust_mozprofilehB1gfl"
1641160329900	Marionette	INFO	Marionette enabled
DevTools listening on ws://localhost:36393/devtools/browser/35cd8c18-8eb3-4fb5-b2a9-989102a5a0cf
1641160331059	Marionette	INFO	Listening on port 33289
1641160331085	RemoteAgent	WARN	TLS certificate errors will be ignored for this session
1641160339879	geckodriver	INFO	Listening on 127.0.0.1:40097
JavaScript warning: https://pagead2.googlesyndication.com/bg/b_8rsBg2pSAE7OSEuXeXkmKAJRzK7XLbOE8Wp2RNR2Q.js line 1 > eval line 2166 > eval line 1 > eval, line 1: WEBGL_debug_renderer_info is deprecated in Firefox and will be removed. Please use RENDERER.
1641160340239	mozrunner::runner	INFO	Running command: "/usr/bin/firefox" "--marionette" "--remote-debugging-port" "40507" "-no-remote" "-profile" "/tmp/rust_mozprofileSwZbNB"
1641160340677	Marionette	INFO	Marionette enabled
DevTools listening on ws://localhost:40507/devtools/browser/5206e9e3-e1c3-4780-900d-fdf52b898002
1641160341601	Marionette	INFO	Listening on port 42447
1641160341651	RemoteAgent	WARN	TLS certificate errors will be ignored for this session
JavaScript warning: https://pagead2.googlesyndication.com/bg/b_8rsBg2pSAE7OSEuXeXkmKAJRzK7XLbOE8Wp2RNR2Q.js line 1 > eval line 3097 > eval, line 1: WEBGL_debug_renderer_info is deprecated in Firefox and will be removed. Please use RENDERER.
1641160369354	Marionette	INFO	Stopped listening on port 42447
JavaScript error: , line 0: TypeError: NetworkError when attempting to fetch resource.

###!!! [Child][RunMessage] Error: Channel closing: too late to send/recv, messages will be lost


###!!! [Parent][RunMessage] Error: Channel closing: too late to send/recv, messages will be lost

Sandbox: Unexpected EOF, op 0 flags 00 path /proc/cpuinfo
1641160371998	Marionette	INFO	Stopped listening on port 33289
JavaScript error: , line 0: TypeError: NetworkError when attempting to fetch resource.

###!!! [Child][RunMessage] Error: Channel closing: too late to send/recv, messages will be lost


###!!! [Parent][RunMessage] Error: Channel closing: too late to send/recv, messages will be lost

Sandbox: Unexpected EOF, op 0 flags 00 path /proc/cpuinfo
1641160512746	geckodriver	INFO	Listening on 127.0.0.1:51937
1641160513113	mozrunner::runner	INFO	Running command: "/usr/bin/firefox" "--marionette" "--remote-debugging-port" "59043" "-no-remote" "-profile" "/tmp/rust_mozprofileke9Afs"
1641160513540	Marionette	INFO	Marionette enabled
DevTools listening on ws://localhost:59043/devtools/browser/f480caf6-1101-44ee-aafc-30241a52651e
1641160514707	Marionette	INFO	Listening on port 37547
1641160514726	RemoteAgent	WARN	TLS certificate errors will be ignored for this session
1641160525251	geckodriver	INFO	Listening on 127.0.0.1:56103
JavaScript warning: https://pagead2.googlesyndication.com/bg/b_8rsBg2pSAE7OSEuXeXkmKAJRzK7XLbOE8Wp2RNR2Q.js line 1 > eval line 5847 > eval line 1 > eval, line 1: WEBGL_debug_renderer_info is deprecated in Firefox and will be removed. Please use RENDERER.
1641160525609	mozrunner::runner	INFO	Running command: "/usr/bin/firefox" "--marionette" "--remote-debugging-port" "34835" "-no-remote" "-profile" "/tmp/rust_mozprofileVgujjp"
1641160526045	Marionette	INFO	Marionette enabled
DevTools listening on ws://localhost:34835/devtools/browser/26d67ef5-52e5-4384-8fb3-6ca81a6e83b2
1641160527047	Marionette	INFO	Listening on port 42843
1641160527121	RemoteAgent	WARN	TLS certificate errors will be ignored for this session
JavaScript warning: https://pagead2.googlesyndication.com/bg/b_8rsBg2pSAE7OSEuXeXkmKAJRzK7XLbOE8Wp2RNR2Q.js line 1 > eval line 7535 > eval line 1 > eval, line 1: WEBGL_debug_renderer_info is deprecated in Firefox and will be removed. Please use RENDERER.
JavaScript error: , line 0: TypeError: NetworkError when attempting to fetch resource.
JavaScript error: , line 0: TypeError: NetworkError when attempting to fetch resource.
JavaScript warning: https://pagead2.googlesyndication.com/bg/b_8rsBg2pSAE7OSEuXeXkmKAJRzK7XLbOE8Wp2RNR2Q.js line 1 > eval line 5690 > eval line 1 > eval, line 1: WEBGL_debug_renderer_info is deprecated in Firefox and will be removed. Please use RENDERER.
JavaScript error: https://www.ebay.com/sch/i.html?_from=R40&_nkw=%28291%29+Elgin&_sacat=3937&mkcid=1&mkrid=711-53200-19255-0&siteid=0&campid=5337798087&customid=&toolid=10001&mkevt=1&rt=nc&LH_Sold=1&LH_Complete=1, line 1: TypeError: r[1] is undefined
JavaScript error: moz-extension://aaeffb85-07e4-4d6d-8f6a-6104dc20abeb/inject/index.js, line 2654: TypeError: styleElement is null
JavaScript warning: https://pagead2.googlesyndication.com/bg/b_8rsBg2pSAE7OSEuXeXkmKAJRzK7XLbOE8Wp2RNR2Q.js line 1 > eval line 234 > eval line 1 > eval, line 1: WEBGL_debug_renderer_info is deprecated in Firefox and will be removed. Please use RENDERER.
JavaScript error: https://www.ebay.com/sch/i.html?_from=R40&_nkw=%28303%29+Elgin&_sacat=3937&mkcid=1&mkrid=711-53200-19255-0&siteid=0&campid=5337798087&customid=&toolid=10001&mkevt=1&rt=nc&LH_Sold=1&LH_Complete=1, line 1: TypeError: r[1] is undefined
JavaScript error: moz-extension://aaeffb85-07e4-4d6d-8f6a-6104dc20abeb/inject/index.js, line 2654: TypeError: styleElement is null
JavaScript warning: https://pagead2.googlesyndication.com/bg/b_8rsBg2pSAE7OSEuXeXkmKAJRzK7XLbOE8Wp2RNR2Q.js line 1 > eval line 1261 > eval, line 1: WEBGL_debug_renderer_info is deprecated in Firefox and will be removed. Please use RENDERER.
JavaScript error: , line 0: TypeError: NetworkError when attempting to fetch resource.
JavaScript error: , line 0: TypeError: NetworkError when attempting to fetch resource.
JavaScript error: , line 0: TypeError: NetworkError when attempting to fetch resource.
JavaScript warning: https://pagead2.googlesyndication.com/bg/b_8rsBg2pSAE7OSEuXeXkmKAJRzK7XLbOE8Wp2RNR2Q.js line 1 > eval line 783 > eval line 1 > eval, line 1: WEBGL_debug_renderer_info is deprecated in Firefox and will be removed. Please use RENDERER.
JavaScript error: , line 0: TypeError: NetworkError when attempting to fetch resource.
JavaScript warning: https://pagead2.googlesyndication.com/bg/b_8rsBg2pSAE7OSEuXeXkmKAJRzK7XLbOE8Wp2RNR2Q.js line 1 > eval line 2450 > eval, line 1: WEBGL_debug_renderer_info is deprecated in Firefox and will be removed. Please use RENDERER.
JavaScript error: , line 0: TypeError: NetworkError when attempting to fetch resource.
JavaScript error: , line 0: TypeError: NetworkError when attempting to fetch resource.
JavaScript error: , line 0: TypeError: NetworkError when attempting to fetch resource.
JavaScript error: , line 0: TypeError: NetworkError when attempting to fetch resource.
JavaScript error: , line 0: TypeError: NetworkError when attempting to fetch resource.
JavaScript error: , line 0: TypeError: NetworkError when attempting to fetch resource.
JavaScript error: , line 0: TypeError: NetworkError when attempting to fetch resource.
JavaScript error: , line 0: TypeError: NetworkError when attempting to fetch resource.
JavaScript error: , line 0: TypeError: NetworkError when attempting to fetch resource.
1641160715368	Marionette	INFO	Stopped listening on port 37547
JavaScript error: , line 0: TypeError: NetworkError when attempting to fetch resource.
JavaScript error: , line 0: TypeError: NetworkError when attempting to fetch resource.

###!!! [Child][RunMessage] Error: Channel closing: too late to send/recv, messages will be lost

JavaScript error: resource://services-sync/engines/extension-storage.js, line 53: TypeError: Svc.Prefs is undefined

###!!! [Parent][RunMessage] Error: Channel closing: too late to send/recv, messages will be lost

Sandbox: Unexpected EOF, op 0 flags 00 path /proc/cpuinfo
1641160718096	Marionette	INFO	Stopped listening on port 42843
JavaScript error: , line 0: TypeError: NetworkError when attempting to fetch resource.
JavaScript error: , line 0: TypeError: NetworkError when attempting to fetch resource.
JavaScript error: resource://services-sync/engines/extension-storage.js, line 53: TypeError: Svc.Prefs is undefined

###!!! [Child][RunMessage] Error: Channel closing: too late to send/recv, messages will be lost


###!!! [Parent][RunMessage] Error: Channel closing: too late to send/recv, messages will be lost

1641161084022	geckodriver	INFO	Listening on 127.0.0.1:46297
1641161084388	mozrunner::runner	INFO	Running command: "/usr/bin/firefox" "--marionette" "--remote-debugging-port" "37071" "-no-remote" "-profile" "/tmp/rust_mozprofileWrUxZg"
1641161084811	Marionette	INFO	Marionette enabled
DevTools listening on ws://localhost:37071/devtools/browser/c2a04c1a-0a96-493f-a374-2ff4f0c79856
1641161085980	Marionette	INFO	Listening on port 41531
1641161086000	RemoteAgent	WARN	TLS certificate errors will be ignored for this session
1641161099212	geckodriver	INFO	Listening on 127.0.0.1:39203
JavaScript warning: https://pagead2.googlesyndication.com/bg/b_8rsBg2pSAE7OSEuXeXkmKAJRzK7XLbOE8Wp2RNR2Q.js line 1 > eval line 6792 > eval, line 1: WEBGL_debug_renderer_info is deprecated in Firefox and will be removed. Please use RENDERER.
1641161099575	mozrunner::runner	INFO	Running command: "/usr/bin/firefox" "--marionette" "--remote-debugging-port" "39245" "-no-remote" "-profile" "/tmp/rust_mozprofilebuCmrd"
1641161100000	Marionette	INFO	Marionette enabled
DevTools listening on ws://localhost:39245/devtools/browser/7e66c0a7-b57f-48e5-bbfa-de6c4c51e89d
1641161101145	Marionette	INFO	Listening on port 40581
1641161101188	RemoteAgent	WARN	TLS certificate errors will be ignored for this session
JavaScript warning: https://pagead2.googlesyndication.com/bg/b_8rsBg2pSAE7OSEuXeXkmKAJRzK7XLbOE8Wp2RNR2Q.js line 1 > eval line 4148 > eval, line 1: WEBGL_debug_renderer_info is deprecated in Firefox and will be removed. Please use RENDERER.
JavaScript error: , line 0: TypeError: NetworkError when attempting to fetch resource.
JavaScript error: , line 0: TypeError: NetworkError when attempting to fetch resource.
JavaScript error: https://www.ebay.com/sch/i.html?_from=R40&_nkw=%28303%29+Elgin&_sacat=3937&mkcid=1&mkrid=711-53200-19255-0&siteid=0&campid=5337798087&customid=&toolid=10001&mkevt=1&rt=nc&LH_Sold=1&LH_Complete=1, line 1: TypeError: r[1] is undefined
JavaScript warning: https://pagead2.googlesyndication.com/bg/b_8rsBg2pSAE7OSEuXeXkmKAJRzK7XLbOE8Wp2RNR2Q.js line 1 > eval line 5087 > eval, line 1: WEBGL_debug_renderer_info is deprecated in Firefox and will be removed. Please use RENDERER.
JavaScript error: https://www.ebay.com/sch/i.html?_from=R40&_nkw=%28291%29+Elgin&_sacat=3937&mkcid=1&mkrid=711-53200-19255-0&siteid=0&campid=5337798087&customid=&toolid=10001&mkevt=1&rt=nc&LH_Sold=1&LH_Complete=1, line 1: TypeError: r[1] is undefined
JavaScript warning: https://pagead2.googlesyndication.com/bg/b_8rsBg2pSAE7OSEuXeXkmKAJRzK7XLbOE8Wp2RNR2Q.js line 1 > eval line 3966 > eval line 1 > eval, line 1: WEBGL_debug_renderer_info is deprecated in Firefox and will be removed. Please use RENDERER.
JavaScript warning: https://pagead2.googlesyndication.com/bg/b_8rsBg2pSAE7OSEuXeXkmKAJRzK7XLbOE8Wp2RNR2Q.js line 1 > eval line 3359 > eval, line 1: WEBGL_debug_renderer_info is deprecated in Firefox and will be removed. Please use RENDERER.
JavaScript error: , line 0: TypeError: NetworkError when attempting to fetch resource.
JavaScript error: , line 0: TypeError: NetworkError when attempting to fetch resource.
JavaScript error: , line 0: TypeError: NetworkError when attempting to fetch resource.
1641161238349	Marionette	INFO	Stopped listening on port 41531
JavaScript error: , line 0: TypeError: NetworkError when attempting to fetch resource.
[Parent 42234, IPC I/O Parent] WARNING: FileDescriptorSet destroyed with unconsumed descriptors: file /build/firefox-SBqOTO/firefox-95.0.1+build2/ipc/chromium/src/chrome/common/file_descriptor_set_posix.cc:19
JavaScript error: resource://services-sync/engines/extension-storage.js, line 53: TypeError: Svc.Prefs is undefined

###!!! [Child][RunMessage] Error: Channel closing: too late to send/recv, messages will be lost


###!!! [Parent][RunMessage] Error: Channel closing: too late to send/recv, messages will be lost

1641161240598	Marionette	INFO	Stopped listening on port 40581
JavaScript error: , line 0: TypeError: NetworkError when attempting to fetch resource.
JavaScript error: , line 0: TypeError: NetworkError when attempting to fetch resource.

###!!! [Child][RunMessage] Error: Channel closing: too late to send/recv, messages will be lost

JavaScript error: resource://services-sync/engines/extension-storage.js, line 53: TypeError: Svc.Prefs is undefined

###!!! [Parent][RunMessage] Error: Channel closing: too late to send/recv, messages will be lost

1641161243955	geckodriver	INFO	Listening on 127.0.0.1:40851
1641161244323	mozrunner::runner	INFO	Running command: "/usr/bin/firefox" "--marionette" "--remote-debugging-port" "38807" "-no-remote" "-profile" "/tmp/rust_mozprofile1MMfQg"
1641161244749	Marionette	INFO	Marionette enabled
DevTools listening on ws://localhost:38807/devtools/browser/5fb74342-8dbd-4ef6-98bb-bb957b17fe3f
1641161245780	Marionette	INFO	Listening on port 37029
1641161245837	RemoteAgent	WARN	TLS certificate errors will be ignored for this session
1641161252375	geckodriver	INFO	Listening on 127.0.0.1:58803
1641161252741	mozrunner::runner	INFO	Running command: "/usr/bin/firefox" "--marionette" "--remote-debugging-port" "43931" "-no-remote" "-profile" "/tmp/rust_mozprofileKpgui3"
JavaScript warning: https://pagead2.googlesyndication.com/bg/b_8rsBg2pSAE7OSEuXeXkmKAJRzK7XLbOE8Wp2RNR2Q.js line 1 > eval line 6519 > eval, line 1: WEBGL_debug_renderer_info is deprecated in Firefox and will be removed. Please use RENDERER.
1641161253198	Marionette	INFO	Marionette enabled
DevTools listening on ws://localhost:43931/devtools/browser/3702984c-728b-4266-ac11-265cf31107d1
1641161254352	Marionette	INFO	Listening on port 40759
1641161254453	RemoteAgent	WARN	TLS certificate errors will be ignored for this session
JavaScript warning: https://pagead2.googlesyndication.com/bg/b_8rsBg2pSAE7OSEuXeXkmKAJRzK7XLbOE8Wp2RNR2Q.js line 1 > eval line 1691 > eval line 1 > eval, line 1: WEBGL_debug_renderer_info is deprecated in Firefox and will be removed. Please use RENDERER.
JavaScript error: , line 0: TypeError: NetworkError when attempting to fetch resource.
JavaScript error: , line 0: TypeError: NetworkError when attempting to fetch resource.
JavaScript error: https://www.ebay.com/sch/i.html?_from=R40&_nkw=%28291%29+Elgin&_sacat=3937&mkcid=1&mkrid=711-53200-19255-0&siteid=0&campid=5337798087&customid=&toolid=10001&mkevt=1&rt=nc&LH_Sold=1&LH_Complete=1, line 1: TypeError: r[1] is undefined
JavaScript warning: https://pagead2.googlesyndication.com/bg/b_8rsBg2pSAE7OSEuXeXkmKAJRzK7XLbOE8Wp2RNR2Q.js line 1 > eval line 20 > eval, line 1: WEBGL_debug_renderer_info is deprecated in Firefox and will be removed. Please use RENDERER.
JavaScript warning: https://pagead2.googlesyndication.com/bg/b_8rsBg2pSAE7OSEuXeXkmKAJRzK7XLbOE8Wp2RNR2Q.js line 1 > eval line 6890 > eval line 1 > eval, line 1: WEBGL_debug_renderer_info is deprecated in Firefox and will be removed. Please use RENDERER.
JavaScript error: https://www.ebay.com/sch/i.html?_from=R40&_nkw=%28303%29+Elgin&_sacat=3937&mkcid=1&mkrid=711-53200-19255-0&siteid=0&campid=5337798087&customid=&toolid=10001&mkevt=1&rt=nc&LH_Sold=1&LH_Complete=1, line 1: TypeError: r[1] is undefined
JavaScript warning: https://pagead2.googlesyndication.com/bg/b_8rsBg2pSAE7OSEuXeXkmKAJRzK7XLbOE8Wp2RNR2Q.js line 1 > eval line 2958 > eval line 1 > eval, line 1: WEBGL_debug_renderer_info is deprecated in Firefox and will be removed. Please use RENDERER.
JavaScript error: , line 0: TypeError: NetworkError when attempting to fetch resource.
JavaScript warning: https://pagead2.googlesyndication.com/bg/b_8rsBg2pSAE7OSEuXeXkmKAJRzK7XLbOE8Wp2RNR2Q.js line 1 > eval line 2855 > eval line 1 > eval, line 1: WEBGL_debug_renderer_info is deprecated in Firefox and will be removed. Please use RENDERER.
JavaScript error: , line 0: TypeError: NetworkError when attempting to fetch resource.
JavaScript error: , line 0: TypeError: NetworkError when attempting to fetch resource.
JavaScript error: , line 0: TypeError: NetworkError when attempting to fetch resource.
JavaScript error: , line 0: TypeError: NetworkError when attempting to fetch resource.
JavaScript warning: https://pagead2.googlesyndication.com/bg/b_8rsBg2pSAE7OSEuXeXkmKAJRzK7XLbOE8Wp2RNR2Q.js line 1 > eval line 7818 > eval, line 1: WEBGL_debug_renderer_info is deprecated in Firefox and will be removed. Please use RENDERER.
JavaScript error: , line 0: TypeError: NetworkError when attempting to fetch resource.
JavaScript warning: https://pagead2.googlesyndication.com/bg/b_8rsBg2pSAE7OSEuXeXkmKAJRzK7XLbOE8Wp2RNR2Q.js line 1 > eval line 7514 > eval line 1 > eval, line 1: WEBGL_debug_renderer_info is deprecated in Firefox and will be removed. Please use RENDERER.
JavaScript error: , line 0: TypeError: NetworkError when attempting to fetch resource.
1641161374025	Marionette	INFO	Stopped listening on port 37029

###!!! [Child][RunMessage] Error: Channel closing: too late to send/recv, messages will be lost


###!!! [Parent][RunMessage] Error: Channel closing: too late to send/recv, messages will be lost

Sandbox: Unexpected EOF, op 0 flags 00 path /proc/cpuinfo
JavaScript error: , line 0: TypeError: NetworkError when attempting to fetch resource.
JavaScript error: , line 0: TypeError: NetworkError when attempting to fetch resource.
JavaScript warning: https://adf0901f1861.cdn4.forter.com/sn/adf0901f1861/sha256-aPvRLYGFyaXJHBxFlpFDAGdBiC1D5A7w925KKSssW%2Bo%3D/script.js, line 1: WEBGL_debug_renderer_info is deprecated in Firefox and will be removed. Please use RENDERER.
JavaScript warning: https://c.paypal.com/da/r/efbv3.js, line 1: WEBGL_debug_renderer_info is deprecated in Firefox and will be removed. Please use RENDERER.
JavaScript warning: https://src.ebay-us.com/H48ZXH_hkS2iXY4a?7b2040b2abb60de5=NmlreSRfJFlrV3FazFn9ra14POoFX-q3pa70WN8diJOnm5GPI-N8vdi2wkshqZEO16VrkvsjIMpZdCpc_qAV5XWS51pOSdXAL5EJK0Yf_iUWjWNujOaKEZNWUHzlZ0-LOOHWvMfhyudAduONWNDlXt0Y_6vutwfrHu7xY9oUn4GefC92QSCqnH5_H8aDho7QtFQNAZN6-f8&jb=353326246a736d753d4e696e757824687b6f3d4e6b6e777824687162753d466b7267666d78266873623f46697265646d702532323b35, line 67: WEBGL_debug_renderer_info is deprecated in Firefox and will be removed. Please use RENDERER.
JavaScript error: https://www.ebay.com/sch/i.html?_from=R40&_nkw=%28303%29+Elgin&_sacat=3937&mkcid=1&mkrid=711-53200-19255-0&siteid=0&campid=5337798087&customid=&toolid=10001&mkevt=1&rt=nc&LH_Sold=1&LH_Complete=1, line 1: TypeError: r[1] is undefined
JavaScript warning: https://pagead2.googlesyndication.com/bg/b_8rsBg2pSAE7OSEuXeXkmKAJRzK7XLbOE8Wp2RNR2Q.js line 1 > eval line 6835 > eval, line 1: WEBGL_debug_renderer_info is deprecated in Firefox and will be removed. Please use RENDERER.
1641161414088	Marionette	INFO	Stopped listening on port 40759
[Parent 43528, IPC I/O Parent] WARNING: FileDescriptorSet destroyed with unconsumed descriptors: file /build/firefox-SBqOTO/firefox-95.0.1+build2/ipc/chromium/src/chrome/common/file_descriptor_set_posix.cc:19

###!!! [Child][RunMessage] Error: Channel closing: too late to send/recv, messages will be lost


###!!! [Parent][RunMessage] Error: Channel closing: too late to send/recv, messages will be lost

Sandbox: Unexpected EOF, op 0 flags 00 path /proc/cpuinfo
1641161462874	geckodriver	INFO	Listening on 127.0.0.1:48975
1641161463242	mozrunner::runner	INFO	Running command: "/usr/bin/firefox" "--marionette" "--remote-debugging-port" "36023" "-no-remote" "-profile" "/tmp/rust_mozprofilexWWMx7"
1641161463665	Marionette	INFO	Marionette enabled
DevTools listening on ws://localhost:36023/devtools/browser/d67948b6-d021-45d9-9b98-8facbbfd1f85
1641161464687	Marionette	INFO	Listening on port 44355
1641161464755	RemoteAgent	WARN	TLS certificate errors will be ignored for this session
1641161469024	geckodriver	INFO	Listening on 127.0.0.1:47489
1641161469389	mozrunner::runner	INFO	Running command: "/usr/bin/firefox" "--marionette" "--remote-debugging-port" "54303" "-no-remote" "-profile" "/tmp/rust_mozprofileDrPfk4"
JavaScript warning: https://pagead2.googlesyndication.com/bg/b_8rsBg2pSAE7OSEuXeXkmKAJRzK7XLbOE8Wp2RNR2Q.js line 1 > eval line 296 > eval, line 1: WEBGL_debug_renderer_info is deprecated in Firefox and will be removed. Please use RENDERER.
1641161469826	Marionette	INFO	Marionette enabled
DevTools listening on ws://localhost:54303/devtools/browser/703095c0-9a96-4434-8b87-845dc0057aa1
1641161470980	Marionette	INFO	Listening on port 36307
1641161471002	RemoteAgent	WARN	TLS certificate errors will be ignored for this session
JavaScript warning: https://pagead2.googlesyndication.com/bg/b_8rsBg2pSAE7OSEuXeXkmKAJRzK7XLbOE8Wp2RNR2Q.js line 1 > eval line 134 > eval line 1 > eval, line 1: WEBGL_debug_renderer_info is deprecated in Firefox and will be removed. Please use RENDERER.
JavaScript error: , line 0: TypeError: NetworkError when attempting to fetch resource.
JavaScript error: https://www.ebay.com/sch/i.html?_from=R40&_nkw=%28303%29+Elgin&_sacat=3937&mkcid=1&mkrid=711-53200-19255-0&siteid=0&campid=5337798087&customid=&toolid=10001&mkevt=1&rt=nc&LH_Sold=1&LH_Complete=1, line 1: TypeError: r[1] is undefined
JavaScript error: https://www.ebay.com/sch/i.html?_from=R40&_nkw=%28291%29+Elgin&_sacat=3937&mkcid=1&mkrid=711-53200-19255-0&siteid=0&campid=5337798087&customid=&toolid=10001&mkevt=1&rt=nc&LH_Sold=1&LH_Complete=1, line 1: TypeError: r[1] is undefined
JavaScript warning: https://pagead2.googlesyndication.com/bg/b_8rsBg2pSAE7OSEuXeXkmKAJRzK7XLbOE8Wp2RNR2Q.js line 1 > eval line 5124 > eval line 1 > eval, line 1: WEBGL_debug_renderer_info is deprecated in Firefox and will be removed. Please use RENDERER.
JavaScript warning: https://pagead2.googlesyndication.com/bg/b_8rsBg2pSAE7OSEuXeXkmKAJRzK7XLbOE8Wp2RNR2Q.js line 1 > eval line 3957 > eval line 1 > eval, line 1: WEBGL_debug_renderer_info is deprecated in Firefox and will be removed. Please use RENDERER.
JavaScript warning: https://pagead2.googlesyndication.com/bg/b_8rsBg2pSAE7OSEuXeXkmKAJRzK7XLbOE8Wp2RNR2Q.js line 1 > eval line 4617 > eval, line 1: WEBGL_debug_renderer_info is deprecated in Firefox and will be removed. Please use RENDERER.
JavaScript warning: https://pagead2.googlesyndication.com/bg/b_8rsBg2pSAE7OSEuXeXkmKAJRzK7XLbOE8Wp2RNR2Q.js line 1 > eval line 6820 > eval line 1 > eval, line 1: WEBGL_debug_renderer_info is deprecated in Firefox and will be removed. Please use RENDERER.
JavaScript error: , line 0: TypeError: NetworkError when attempting to fetch resource.
JavaScript error: , line 0: TypeError: NetworkError when attempting to fetch resource.
SourceActor threw an exception: [Exception... "Component returned failure code: 0x80470002 (NS_BASE_STREAM_CLOSED) [nsIInputStream.available]"  nsresult: "0x80470002 (NS_BASE_STREAM_CLOSED)"  location: "JS frame :: resource://devtools/shared/DevToolsUtils.js :: onResponse :: line 567"  data: no]
Stack: onResponse@resource://devtools/shared/DevToolsUtils.js:567:34
onStopRequest@resource://gre/modules/NetUtil.jsm:128:18
Line: 567, column: 0
console.error: ({})
JavaScript error: resource://devtools/shared/DevToolsUtils.js, line 567: NS_BASE_STREAM_CLOSED: Component returned failure code: 0x80470002 (NS_BASE_STREAM_CLOSED) [nsIInputStream.available]
JavaScript error: , line 0: TypeError: NetworkError when attempting to fetch resource.
JavaScript error: , line 0: TypeError: NetworkError when attempting to fetch resource.
JavaScript error: , line 0: TypeError: NetworkError when attempting to fetch resource.
JavaScript error: , line 0: TypeError: NetworkError when attempting to fetch resource.
JavaScript error: , line 0: TypeError: NetworkError when attempting to fetch resource.
JavaScript warning: https://c.paypal.com/da/r/efbv3.js, line 1: WEBGL_debug_renderer_info is deprecated in Firefox and will be removed. Please use RENDERER.
JavaScript warning: https://adf0901f1861.cdn4.forter.com/sn/adf0901f1861/sha256-aPvRLYGFyaXJHBxFlpFDAGdBiC1D5A7w925KKSssW%2Bo%3D/script.js, line 1: WEBGL_debug_renderer_info is deprecated in Firefox and will be removed. Please use RENDERER.
JavaScript warning: https://src.ebay-us.com/p_jII_nmlYj1x4kh?306c770818523e4f=Dq2IvGkOiWEmxOHCkZTVOgDki476i35PmAndAAiWwKfWwm8Qq5jv5267zvPEjxb5_KM_qlzbPhv6AhxlGAqu4TrlwsHGaYdmlX7XxeDbKXG2VJYLosac7-C7ddsr1kbP72yqJInvOdy0xVy8xsHH7Gk_Oe-KV3WJllVHLgEURq2RN1W0GMtZhUAgrWebtobsSh-GJL5aMIE&jb=353326266a716f773d4e696e75782468716f3f4c696e77782468716a773f466b7267666f78246a71623f46697265646d7a2530303935, line 569: WEBGL_debug_renderer_info is deprecated in Firefox and will be removed. Please use RENDERER.
JavaScript error: https://www.ebay.com/sch/i.html?_from=R40&_nkw=%28303%29+Elgin&_sacat=3937&mkcid=1&mkrid=711-53200-19255-0&siteid=0&campid=5337798087&customid=&toolid=10001&mkevt=1&rt=nc&LH_Sold=1&LH_Complete=1, line 1: TypeError: r[1] is undefined
JavaScript error: , line 0: TypeError: NetworkError when attempting to fetch resource.
JavaScript warning: https://pagead2.googlesyndication.com/bg/b_8rsBg2pSAE7OSEuXeXkmKAJRzK7XLbOE8Wp2RNR2Q.js line 1 > eval line 629 > eval line 1 > eval, line 1: WEBGL_debug_renderer_info is deprecated in Firefox and will be removed. Please use RENDERER.
JavaScript error: , line 0: TypeError: NetworkError when attempting to fetch resource.
JavaScript error: , line 0: TypeError: NetworkError when attempting to fetch resource.
JavaScript error: , line 0: TypeError: NetworkError when attempting to fetch resource.
JavaScript error: , line 0: TypeError: NetworkError when attempting to fetch resource.
JavaScript error: , line 0: TypeError: NetworkError when attempting to fetch resource.
JavaScript error: resource://gre/modules/AsyncShutdown.jsm, line 575: NotFoundError: No such JSWindowActor 'DevToolsFrame'
1641161638373	Marionette	INFO	Stopped listening on port 44355
JavaScript error: resource://services-sync/engines/extension-storage.js, line 53: TypeError: Svc.Prefs is undefined

###!!! [Parent][RunMessage] Error: Channel closing: too late to send/recv, messages will be lost

1641161639862	Marionette	INFO	Stopped listening on port 36307
JavaScript error: , line 0: TypeError: NetworkError when attempting to fetch resource.

###!!! [Child][RunMessage] Error: Channel closing: too late to send/recv, messages will be lost


###!!! [Parent][RunMessage] Error: Channel closing: too late to send/recv, messages will be lost

Sandbox: Unexpected EOF, op 0 flags 00 path /proc/cpuinfo
1641161645371	geckodriver	INFO	Listening on 127.0.0.1:39435
1641161645743	mozrunner::runner	INFO	Running command: "/usr/bin/firefox" "--marionette" "--remote-debugging-port" "47811" "-no-remote" "-profile" "/tmp/rust_mozprofileB543yc"
1641161646200	Marionette	INFO	Marionette enabled
DevTools listening on ws://localhost:47811/devtools/browser/d9d2e564-c98f-40d3-91f2-5b2e4f3b2af7
1641161647198	Marionette	INFO	Listening on port 45293
1641161647254	RemoteAgent	WARN	TLS certificate errors will be ignored for this session
JavaScript warning: https://pagead2.googlesyndication.com/bg/b_8rsBg2pSAE7OSEuXeXkmKAJRzK7XLbOE8Wp2RNR2Q.js line 1 > eval line 2365 > eval line 1 > eval, line 1: WEBGL_debug_renderer_info is deprecated in Firefox and will be removed. Please use RENDERER.
JavaScript error: , line 0: TypeError: NetworkError when attempting to fetch resource.
JavaScript error: https://www.ebay.com/sch/i.html?_from=R40&_nkw=%28291%29+Elgin&_sacat=3937&mkcid=1&mkrid=711-53200-19255-0&siteid=0&campid=5337798087&customid=&toolid=10001&mkevt=1&rt=nc&LH_Sold=1&LH_Complete=1, line 1: TypeError: r[1] is undefined
JavaScript error: https://ir.ebaystatic.com/rs/c/inception-LgLVewyK.js, line 6: NetworkError: A network error occurred.
JavaScript error: https://ir.ebaystatic.com/rs/c/inception-LgLVewyK.js, line 6: NetworkError: A network error occurred.
JavaScript warning: https://pagead2.googlesyndication.com/bg/b_8rsBg2pSAE7OSEuXeXkmKAJRzK7XLbOE8Wp2RNR2Q.js line 1 > eval line 5008 > eval, line 1: WEBGL_debug_renderer_info is deprecated in Firefox and will be removed. Please use RENDERER.
JavaScript error: , line 0: TypeError: NetworkError when attempting to fetch resource.
1641161700575	Marionette	INFO	Stopped listening on port 45293
JavaScript error: , line 0: TypeError: NetworkError when attempting to fetch resource.
JavaScript error: , line 0: TypeError: NetworkError when attempting to fetch resource.

###!!! [Child][RunMessage] Error: Channel closing: too late to send/recv, messages will be lost


###!!! [Parent][RunMessage] Error: Channel closing: too late to send/recv, messages will be lost

Sandbox: Unexpected EOF, op 0 flags 00 path /proc/cpuinfo
1641161713933	geckodriver	INFO	Listening on 127.0.0.1:59393
1641161714305	mozrunner::runner	INFO	Running command: "/usr/bin/firefox" "--marionette" "--remote-debugging-port" "38171" "-no-remote" "-profile" "/tmp/rust_mozprofileCac8K4"
1641161714728	Marionette	INFO	Marionette enabled
DevTools listening on ws://localhost:38171/devtools/browser/d01ad407-c0c1-4994-b8ad-e4204598f490
1641161715814	Marionette	INFO	Listening on port 39789
1641161715916	RemoteAgent	WARN	TLS certificate errors will be ignored for this session
JavaScript warning: https://pagead2.googlesyndication.com/bg/b_8rsBg2pSAE7OSEuXeXkmKAJRzK7XLbOE8Wp2RNR2Q.js line 1 > eval line 5114 > eval, line 1: WEBGL_debug_renderer_info is deprecated in Firefox and will be removed. Please use RENDERER.
JavaScript error: , line 0: TypeError: NetworkError when attempting to fetch resource.
JavaScript error: https://www.ebay.com/sch/i.html?_from=R40&_nkw=%28291%29+Elgin&_sacat=3937&mkcid=1&mkrid=711-53200-19255-0&siteid=0&campid=5337798087&customid=&toolid=10001&mkevt=1&rt=nc&LH_Sold=1&LH_Complete=1, line 1: TypeError: r[1] is undefined
JavaScript warning: https://pagead2.googlesyndication.com/bg/b_8rsBg2pSAE7OSEuXeXkmKAJRzK7XLbOE8Wp2RNR2Q.js line 1 > eval line 5995 > eval, line 1: WEBGL_debug_renderer_info is deprecated in Firefox and will be removed. Please use RENDERER.
JavaScript error: , line 0: TypeError: NetworkError when attempting to fetch resource.
JavaScript error: , line 0: TypeError: NetworkError when attempting to fetch resource.
JavaScript error: , line 0: TypeError: NetworkError when attempting to fetch resource.
JavaScript warning: https://c.paypal.com/da/r/efbv3.js, line 1: WEBGL_debug_renderer_info is deprecated in Firefox and will be removed. Please use RENDERER.
JavaScript warning: https://adf0901f1861.cdn4.forter.com/sn/adf0901f1861/sha256-aPvRLYGFyaXJHBxFlpFDAGdBiC1D5A7w925KKSssW%2Bo%3D/script.js, line 1: WEBGL_debug_renderer_info is deprecated in Firefox and will be removed. Please use RENDERER.
JavaScript warning: https://src.ebay-us.com/NyCQfTl_Dhxiio9u?05206fe8321d9809=vjTOJbm-L7SW3Rj7SHHgEzCe5fzoTbV5jDfqR1LPJ4fWvGtV17KxelIyqrBAcbso521r_tjFwSBPuZnGTq1VLXwg9hO_C9xr8Qr8IofpxLKkXWWn7yq-XhQlbjAVKinRB5HID6KSjdAD8kbNrLVpZ-CKiLFscCIaJkUU-E4eKmzQ9xYl0H6rH77OtgUZujKEz0qaUAcPwvo&jb=3533262668716f753d4e696e75782e6a736f3f4e696e777a24687160753d44697267666f7a246a73623f466972656e6f782530323935, line 436: WEBGL_debug_renderer_info is deprecated in Firefox and will be removed. Please use RENDERER.
JavaScript error: https://www.ebay.com/sch/i.html?_from=R40&_nkw=%28291%29+Elgin&_sacat=3937&mkcid=1&mkrid=711-53200-19255-0&siteid=0&campid=5337798087&customid=&toolid=10001&mkevt=1&rt=nc&LH_Sold=1&LH_Complete=1, line 1: TypeError: r[1] is undefined
JavaScript warning: https://pagead2.googlesyndication.com/bg/b_8rsBg2pSAE7OSEuXeXkmKAJRzK7XLbOE8Wp2RNR2Q.js line 1 > eval line 333 > eval, line 1: WEBGL_debug_renderer_info is deprecated in Firefox and will be removed. Please use RENDERER.
IPDL protocol error: Handler returned error code!

###!!! [Parent][DispatchAsyncMessage] Error: PClientManager::Msg_ExpectFutureClientSource Processing error: message was deserialized, but the handler returned false (indicating failure)

IPDL protocol error: Handler returned error code!

###!!! [Parent][DispatchAsyncMessage] Error: PClientManager::Msg_ForgetFutureClientSource Processing error: message was deserialized, but the handler returned false (indicating failure)

JavaScript error: , line 0: TypeError: NetworkError when attempting to fetch resource.
1641161869165	Marionette	INFO	Stopped listening on port 39789

###!!! [Child][RunMessage] Error: Channel closing: too late to send/recv, messages will be lost


###!!! [Parent][RunMessage] Error: Channel closing: too late to send/recv, messages will be lost

1641162052538	geckodriver	INFO	Listening on 127.0.0.1:39451
1641162052906	mozrunner::runner	INFO	Running command: "/usr/bin/firefox" "--marionette" "--remote-debugging-port" "42089" "-no-remote" "-profile" "/tmp/rust_mozprofileM5xQXZ"
1641162053345	Marionette	INFO	Marionette enabled
DevTools listening on ws://localhost:42089/devtools/browser/eb879bcf-f4eb-40f3-9ec3-59f574c29c40
1641162054424	Marionette	INFO	Listening on port 37041
1641162054519	RemoteAgent	WARN	TLS certificate errors will be ignored for this session
JavaScript warning: https://pagead2.googlesyndication.com/bg/b_8rsBg2pSAE7OSEuXeXkmKAJRzK7XLbOE8Wp2RNR2Q.js line 1 > eval line 3243 > eval, line 1: WEBGL_debug_renderer_info is deprecated in Firefox and will be removed. Please use RENDERER.
JavaScript error: https://www.ebay.com/sch/i.html?_from=R40&_nkw=%28291%29+Elgin&_sacat=3937&mkcid=1&mkrid=711-53200-19255-0&siteid=0&campid=5337798087&customid=&toolid=10001&mkevt=1&rt=nc&LH_Sold=1&LH_Complete=1, line 1: TypeError: r[1] is undefined
JavaScript warning: https://pagead2.googlesyndication.com/bg/b_8rsBg2pSAE7OSEuXeXkmKAJRzK7XLbOE8Wp2RNR2Q.js line 1 > eval line 2624 > eval line 1 > eval, line 1: WEBGL_debug_renderer_info is deprecated in Firefox and will be removed. Please use RENDERER.
JavaScript error: , line 0: TypeError: NetworkError when attempting to fetch resource.
JavaScript error: , line 0: TypeError: NetworkError when attempting to fetch resource.
JavaScript error: , line 0: TypeError: NetworkError when attempting to fetch resource.
JavaScript warning: https://pagead2.googlesyndication.com/bg/b_8rsBg2pSAE7OSEuXeXkmKAJRzK7XLbOE8Wp2RNR2Q.js line 1 > eval line 4934 > eval line 1 > eval, line 1: WEBGL_debug_renderer_info is deprecated in Firefox and will be removed. Please use RENDERER.
JavaScript error: , line 0: TypeError: NetworkError when attempting to fetch resource.
JavaScript error: , line 0: TypeError: NetworkError when attempting to fetch resource.
JavaScript warning: https://pagead2.googlesyndication.com/bg/b_8rsBg2pSAE7OSEuXeXkmKAJRzK7XLbOE8Wp2RNR2Q.js line 1 > eval line 2099 > eval line 1 > eval, line 1: WEBGL_debug_renderer_info is deprecated in Firefox and will be removed. Please use RENDERER.
JavaScript error: , line 0: TypeError: NetworkError when attempting to fetch resource.
JavaScript error: , line 0: TypeError: NetworkError when attempting to fetch resource.
JavaScript error: , line 0: TypeError: NetworkError when attempting to fetch resource.
JavaScript error: , line 0: TypeError: NetworkError when attempting to fetch resource.
1641162325826	Marionette	INFO	Stopped listening on port 37041
JavaScript error: , line 0: TypeError: NetworkError when attempting to fetch resource.
JavaScript error: , line 0: TypeError: NetworkError when attempting to fetch resource.
[Parent 47133, IPC I/O Parent] WARNING: FileDescriptorSet destroyed with unconsumed descriptors: file /build/firefox-SBqOTO/firefox-95.0.1+build2/ipc/chromium/src/chrome/common/file_descriptor_set_posix.cc:19

###!!! [Child][RunMessage] Error: Channel closing: too late to send/recv, messages will be lost


###!!! [Parent][RunMessage] Error: Channel closing: too late to send/recv, messages will be lost

